<?xml version="1.0" encoding="UTF-8"?>
<testng-results ignored="0" total="4" passed="3" failed="1" skipped="0">
  <reporter-output>
    <line>
      <![CDATA[Goibibo - Best Travel Website. Book Hotels, Flights, Trains, Bus and Cabs with upto 50% off is displayed]]>
    </line>
    <line>
      <![CDATA[Online Hotel Booking | Book Cheap, Budget and Luxury Hotels -Goibibo is displayed]]>
    </line>
    <line>
      <![CDATA[Results page is displayed]]>
    </line>
    <line>
      <![CDATA[Goibibo - Best Travel Website. Book Hotels, Flights, Trains, Bus and Cabs with upto 50% off is displayed]]>
    </line>
    <line>
      <![CDATA[Online Hotel Booking | Book Cheap, Budget and Luxury Hotels -Goibibo is displayed]]>
    </line>
    <line>
      <![CDATA[Results page is displayed]]>
    </line>
    <line>
      <![CDATA[₹2001 - ₹4000 filter is selected]]>
    </line>
    <line>
      <![CDATA[Pay At Hotel Available filter is selected]]>
    </line>
    <line>
      <![CDATA[4.5+ filter is selected]]>
    </line>
    <line>
      <![CDATA[Goibibo - Best Travel Website. Book Hotels, Flights, Trains, Bus and Cabs with upto 50% off is displayed]]>
    </line>
    <line>
      <![CDATA[Online Hotel Booking | Book Cheap, Budget and Luxury Hotels -Goibibo is displayed]]>
    </line>
    <line>
      <![CDATA[Results page is displayed]]>
    </line>
    <line>
      <![CDATA[Mountain Trails Hotel is selected]]>
    </line>
    <line>
      <![CDATA[Mountain Trails Ooty - Goibibo page is displayed]]>
    </line>
    <line>
      <![CDATA[Mountain Trails Hotel name displayed correctly]]>
    </line>
    <line>
      <![CDATA[Hotel Policies menu option displayed correctly]]>
    </line>
    <line>
      <![CDATA[Amenities menu option displayed correctly]]>
    </line>
    <line>
      <![CDATA[Guest Reviews menu option displayed correctly]]>
    </line>
    <line>
      <![CDATA[Room Options menu option displayed correctly]]>
    </line>
    <line>
      <![CDATA[Location menu option displayed correctly]]>
    </line>
    <line>
      <![CDATA[Book Cheap Flights, Air Tickets, Hotels, Bus & Holiday Package at Goibibo page is displayed]]>
    </line>
    <line>
      <![CDATA[Goibibo - Best Travel Website. Book Hotels, Flights, Trains, Bus and Cabs with upto 50% off is displayed]]>
    </line>
    <line>
      <![CDATA[Online Hotel Booking | Book Cheap, Budget and Luxury Hotels -Goibibo is displayed]]>
    </line>
    <line>
      <![CDATA[Results page is displayed]]>
    </line>
    <line>
      <![CDATA[₹2001 - ₹4000 filter is selected]]>
    </line>
    <line>
      <![CDATA[Pay At Hotel Available filter is selected]]>
    </line>
    <line>
      <![CDATA[4.5+ filter is selected]]>
    </line>
    <line>
      <![CDATA[Green Moon Residency Hotel is selected]]>
    </line>
    <line>
      <![CDATA[Green Moon Residency Hotel Ooty - Goibibo page is displayed]]>
    </line>
    <line>
      <![CDATA[Green Moon Residency Hotel name displayed correctly]]>
    </line>
  </reporter-output>
  <suite started-at="2021-08-04T06:20:49 IST" name="Suite" finished-at="2021-08-04T06:22:17 IST" duration-ms="88471">
    <groups>
    </groups>
    <test started-at="2021-08-04T06:20:49 IST" name="Test" finished-at="2021-08-04T06:22:17 IST" duration-ms="88471">
      <class name="com.edureka.testCases.TC_GoibiboHotelBooking_001">
        <test-method is-config="true" signature="setUp()[pri:0, instance:com.edureka.testCases.TC_GoibiboHotelBooking_001@4e7912d8]" started-at="2021-08-04T06:20:49 IST" name="setUp" finished-at="2021-08-04T06:20:56 IST" duration-ms="7327" status="PASS">
          <reporter-output>
          </reporter-output>
        </test-method> <!-- setUp -->
        <test-method signature="searchHotelName()[pri:1, instance:com.edureka.testCases.TC_GoibiboHotelBooking_001@4e7912d8]" started-at="2021-08-04T06:20:56 IST" name="searchHotelName" finished-at="2021-08-04T06:21:04 IST" duration-ms="7706" status="PASS">
          <reporter-output>
            <line>
              <![CDATA[Goibibo - Best Travel Website. Book Hotels, Flights, Trains, Bus and Cabs with upto 50% off is displayed]]>
            </line>
            <line>
              <![CDATA[Online Hotel Booking | Book Cheap, Budget and Luxury Hotels -Goibibo is displayed]]>
            </line>
            <line>
              <![CDATA[Results page is displayed]]>
            </line>
          </reporter-output>
        </test-method> <!-- searchHotelName -->
        <test-method is-config="true" signature="testDown()[pri:0, instance:com.edureka.testCases.TC_GoibiboHotelBooking_001@4e7912d8]" started-at="2021-08-04T06:21:04 IST" name="testDown" finished-at="2021-08-04T06:21:05 IST" duration-ms="1239" status="PASS">
          <reporter-output>
          </reporter-output>
        </test-method> <!-- testDown -->
        <test-method is-config="true" signature="setUp()[pri:0, instance:com.edureka.testCases.TC_GoibiboHotelBooking_001@4e7912d8]" started-at="2021-08-04T06:21:05 IST" name="setUp" finished-at="2021-08-04T06:21:10 IST" duration-ms="4977" status="PASS">
          <reporter-output>
          </reporter-output>
        </test-method> <!-- setUp -->
        <test-method signature="BookARoom()[pri:2, instance:com.edureka.testCases.TC_GoibiboHotelBooking_001@4e7912d8]" started-at="2021-08-04T06:21:10 IST" name="BookARoom" finished-at="2021-08-04T06:21:25 IST" duration-ms="15240" status="FAIL">
          <exception class="org.openqa.selenium.StaleElementReferenceException">
            <message>
              <![CDATA[stale element reference: element is not attached to the page document
  (Session info: chrome=92.0.4515.131)
For documentation on this error, please visit: https://www.seleniumhq.org/exceptions/stale_element_reference.html
Build info: version: '3.141.59', revision: 'e82be7d358', time: '2018-11-14T08:17:03'
System info: host: 'VIGNESH', ip: '192.168.7.110', os.name: 'Windows 10', os.arch: 'amd64', os.version: '10.0', java.version: '11.0.2'
Driver info: org.openqa.selenium.chrome.ChromeDriver
Capabilities {acceptInsecureCerts: true, browserName: chrome, browserVersion: 92.0.4515.131, chrome: {chromedriverVersion: 92.0.4515.107 (87a818b10553..., userDataDir: C:\Users\Vigne\AppData\Loca...}, goog:chromeOptions: {debuggerAddress: localhost:53942}, javascriptEnabled: true, networkConnectionEnabled: false, pageLoadStrategy: normal, platform: WINDOWS, platformName: WINDOWS, proxy: Proxy(), setWindowRect: true, strictFileInteractability: false, timeouts: {implicit: 0, pageLoad: 300000, script: 30000}, unhandledPromptBehavior: dismiss and notify, webauthn:extension:credBlob: true, webauthn:extension:largeBlob: true, webauthn:virtualAuthenticators: true}
Session ID: 675eeeb9cd02c69361e35280819aa42a]]>
            </message>
            <full-stacktrace>
              <![CDATA[org.openqa.selenium.StaleElementReferenceException: stale element reference: element is not attached to the page document
  (Session info: chrome=92.0.4515.131)
For documentation on this error, please visit: https://www.seleniumhq.org/exceptions/stale_element_reference.html
Build info: version: '3.141.59', revision: 'e82be7d358', time: '2018-11-14T08:17:03'
System info: host: 'VIGNESH', ip: '192.168.7.110', os.name: 'Windows 10', os.arch: 'amd64', os.version: '10.0', java.version: '11.0.2'
Driver info: org.openqa.selenium.chrome.ChromeDriver
Capabilities {acceptInsecureCerts: true, browserName: chrome, browserVersion: 92.0.4515.131, chrome: {chromedriverVersion: 92.0.4515.107 (87a818b10553..., userDataDir: C:\Users\Vigne\AppData\Loca...}, goog:chromeOptions: {debuggerAddress: localhost:53942}, javascriptEnabled: true, networkConnectionEnabled: false, pageLoadStrategy: normal, platform: WINDOWS, platformName: WINDOWS, proxy: Proxy(), setWindowRect: true, strictFileInteractability: false, timeouts: {implicit: 0, pageLoad: 300000, script: 30000}, unhandledPromptBehavior: dismiss and notify, webauthn:extension:credBlob: true, webauthn:extension:largeBlob: true, webauthn:virtualAuthenticators: true}
Session ID: 675eeeb9cd02c69361e35280819aa42a
at java.base/jdk.internal.reflect.NativeConstructorAccessorImpl.newInstance0(Native Method)
at java.base/jdk.internal.reflect.NativeConstructorAccessorImpl.newInstance(NativeConstructorAccessorImpl.java:62)
at java.base/jdk.internal.reflect.DelegatingConstructorAccessorImpl.newInstance(DelegatingConstructorAccessorImpl.java:45)
at java.base/java.lang.reflect.Constructor.newInstance(Constructor.java:490)
at org.openqa.selenium.remote.http.W3CHttpResponseCodec.createException(W3CHttpResponseCodec.java:187)
at org.openqa.selenium.remote.http.W3CHttpResponseCodec.decode(W3CHttpResponseCodec.java:122)
at org.openqa.selenium.remote.http.W3CHttpResponseCodec.decode(W3CHttpResponseCodec.java:49)
at org.openqa.selenium.remote.HttpCommandExecutor.execute(HttpCommandExecutor.java:158)
at org.openqa.selenium.remote.service.DriverCommandExecutor.execute(DriverCommandExecutor.java:83)
at org.openqa.selenium.remote.RemoteWebDriver.execute(RemoteWebDriver.java:552)
at org.openqa.selenium.remote.RemoteWebElement.execute(RemoteWebElement.java:285)
at org.openqa.selenium.remote.RemoteWebElement.getText(RemoteWebElement.java:166)
at java.base/jdk.internal.reflect.NativeMethodAccessorImpl.invoke0(Native Method)
at java.base/jdk.internal.reflect.NativeMethodAccessorImpl.invoke(NativeMethodAccessorImpl.java:62)
at java.base/jdk.internal.reflect.DelegatingMethodAccessorImpl.invoke(DelegatingMethodAccessorImpl.java:43)
at java.base/java.lang.reflect.Method.invoke(Method.java:566)
at org.openqa.selenium.support.pagefactory.internal.LocatingElementHandler.invoke(LocatingElementHandler.java:51)
at com.sun.proxy.$Proxy14.getText(Unknown Source)
at com.edureka.pageObjects.SearchResultPage.HotelName(SearchResultPage.java:72)
at com.edureka.testCases.TC_GoibiboHotelBooking_001.BookARoom(TC_GoibiboHotelBooking_001.java:91)
at java.base/jdk.internal.reflect.NativeMethodAccessorImpl.invoke0(Native Method)
at java.base/jdk.internal.reflect.NativeMethodAccessorImpl.invoke(NativeMethodAccessorImpl.java:62)
at java.base/jdk.internal.reflect.DelegatingMethodAccessorImpl.invoke(DelegatingMethodAccessorImpl.java:43)
at java.base/java.lang.reflect.Method.invoke(Method.java:566)
at org.testng.internal.MethodInvocationHelper.invokeMethod(MethodInvocationHelper.java:132)
at org.testng.internal.TestInvoker.invokeMethod(TestInvoker.java:599)
at org.testng.internal.TestInvoker.invokeTestMethod(TestInvoker.java:174)
at org.testng.internal.MethodRunner.runInSequence(MethodRunner.java:46)
at org.testng.internal.TestInvoker$MethodInvocationAgent.invoke(TestInvoker.java:822)
at org.testng.internal.TestInvoker.invokeTestMethods(TestInvoker.java:147)
at org.testng.internal.TestMethodWorker.invokeTestMethods(TestMethodWorker.java:146)
at org.testng.internal.TestMethodWorker.run(TestMethodWorker.java:128)
at java.base/java.util.ArrayList.forEach(ArrayList.java:1540)
at org.testng.TestRunner.privateRun(TestRunner.java:764)
at org.testng.TestRunner.run(TestRunner.java:585)
at org.testng.SuiteRunner.runTest(SuiteRunner.java:384)
at org.testng.SuiteRunner.runSequentially(SuiteRunner.java:378)
at org.testng.SuiteRunner.privateRun(SuiteRunner.java:337)
at org.testng.SuiteRunner.run(SuiteRunner.java:286)
at org.testng.SuiteRunnerWorker.runSuite(SuiteRunnerWorker.java:53)
at org.testng.SuiteRunnerWorker.run(SuiteRunnerWorker.java:96)
at org.testng.TestNG.runSuitesSequentially(TestNG.java:1218)
at org.testng.TestNG.runSuitesLocally(TestNG.java:1140)
at org.testng.TestNG.runSuites(TestNG.java:1069)
at org.testng.TestNG.run(TestNG.java:1037)
at org.testng.remote.AbstractRemoteTestNG.run(AbstractRemoteTestNG.java:115)
at org.testng.remote.RemoteTestNG.initAndRun(RemoteTestNG.java:251)
at org.testng.remote.RemoteTestNG.main(RemoteTestNG.java:77)
]]>
            </full-stacktrace>
          </exception> <!-- org.openqa.selenium.StaleElementReferenceException -->
          <reporter-output>
            <line>
              <![CDATA[Goibibo - Best Travel Website. Book Hotels, Flights, Trains, Bus and Cabs with upto 50% off is displayed]]>
            </line>
            <line>
              <![CDATA[Online Hotel Booking | Book Cheap, Budget and Luxury Hotels -Goibibo is displayed]]>
            </line>
            <line>
              <![CDATA[Results page is displayed]]>
            </line>
            <line>
              <![CDATA[₹2001 - ₹4000 filter is selected]]>
            </line>
            <line>
              <![CDATA[Pay At Hotel Available filter is selected]]>
            </line>
            <line>
              <![CDATA[4.5+ filter is selected]]>
            </line>
          </reporter-output>
        </test-method> <!-- BookARoom -->
        <test-method is-config="true" signature="testDown()[pri:0, instance:com.edureka.testCases.TC_GoibiboHotelBooking_001@4e7912d8]" started-at="2021-08-04T06:21:25 IST" name="testDown" finished-at="2021-08-04T06:21:26 IST" duration-ms="781" status="PASS">
          <reporter-output>
          </reporter-output>
        </test-method> <!-- testDown -->
        <test-method is-config="true" signature="setUp()[pri:0, instance:com.edureka.testCases.TC_GoibiboHotelBooking_001@4e7912d8]" started-at="2021-08-04T06:21:26 IST" name="setUp" finished-at="2021-08-04T06:21:31 IST" duration-ms="5218" status="PASS">
          <reporter-output>
          </reporter-output>
        </test-method> <!-- setUp -->
        <test-method signature="SelectHotelandVerifyHotelDetails()[pri:3, instance:com.edureka.testCases.TC_GoibiboHotelBooking_001@4e7912d8]" started-at="2021-08-04T06:21:31 IST" name="SelectHotelandVerifyHotelDetails" finished-at="2021-08-04T06:21:50 IST" duration-ms="18892" status="PASS">
          <reporter-output>
            <line>
              <![CDATA[Goibibo - Best Travel Website. Book Hotels, Flights, Trains, Bus and Cabs with upto 50% off is displayed]]>
            </line>
            <line>
              <![CDATA[Online Hotel Booking | Book Cheap, Budget and Luxury Hotels -Goibibo is displayed]]>
            </line>
            <line>
              <![CDATA[Results page is displayed]]>
            </line>
            <line>
              <![CDATA[Mountain Trails Hotel is selected]]>
            </line>
            <line>
              <![CDATA[Mountain Trails Ooty - Goibibo page is displayed]]>
            </line>
            <line>
              <![CDATA[Mountain Trails Hotel name displayed correctly]]>
            </line>
            <line>
              <![CDATA[Hotel Policies menu option displayed correctly]]>
            </line>
            <line>
              <![CDATA[Amenities menu option displayed correctly]]>
            </line>
            <line>
              <![CDATA[Guest Reviews menu option displayed correctly]]>
            </line>
            <line>
              <![CDATA[Room Options menu option displayed correctly]]>
            </line>
            <line>
              <![CDATA[Location menu option displayed correctly]]>
            </line>
            <line>
              <![CDATA[Book Cheap Flights, Air Tickets, Hotels, Bus & Holiday Package at Goibibo page is displayed]]>
            </line>
          </reporter-output>
        </test-method> <!-- SelectHotelandVerifyHotelDetails -->
        <test-method is-config="true" signature="testDown()[pri:0, instance:com.edureka.testCases.TC_GoibiboHotelBooking_001@4e7912d8]" started-at="2021-08-04T06:21:50 IST" name="testDown" finished-at="2021-08-04T06:21:51 IST" duration-ms="824" status="PASS">
          <reporter-output>
          </reporter-output>
        </test-method> <!-- testDown -->
        <test-method is-config="true" signature="setUp()[pri:0, instance:com.edureka.testCases.TC_GoibiboHotelBooking_001@4e7912d8]" started-at="2021-08-04T06:21:51 IST" name="setUp" finished-at="2021-08-04T06:21:56 IST" duration-ms="5386" status="PASS">
          <reporter-output>
          </reporter-output>
        </test-method> <!-- setUp -->
        <test-method signature="SelectHotelBasedonFilterPreference()[pri:4, instance:com.edureka.testCases.TC_GoibiboHotelBooking_001@4e7912d8]" started-at="2021-08-04T06:21:56 IST" name="SelectHotelBasedonFilterPreference" finished-at="2021-08-04T06:22:16 IST" duration-ms="19989" status="PASS">
          <reporter-output>
            <line>
              <![CDATA[Goibibo - Best Travel Website. Book Hotels, Flights, Trains, Bus and Cabs with upto 50% off is displayed]]>
            </line>
            <line>
              <![CDATA[Online Hotel Booking | Book Cheap, Budget and Luxury Hotels -Goibibo is displayed]]>
            </line>
            <line>
              <![CDATA[Results page is displayed]]>
            </line>
            <line>
              <![CDATA[₹2001 - ₹4000 filter is selected]]>
            </line>
            <line>
              <![CDATA[Pay At Hotel Available filter is selected]]>
            </line>
            <line>
              <![CDATA[4.5+ filter is selected]]>
            </line>
            <line>
              <![CDATA[Green Moon Residency Hotel is selected]]>
            </line>
            <line>
              <![CDATA[Green Moon Residency Hotel Ooty - Goibibo page is displayed]]>
            </line>
            <line>
              <![CDATA[Green Moon Residency Hotel name displayed correctly]]>
            </line>
          </reporter-output>
        </test-method> <!-- SelectHotelBasedonFilterPreference -->
        <test-method is-config="true" signature="testDown()[pri:0, instance:com.edureka.testCases.TC_GoibiboHotelBooking_001@4e7912d8]" started-at="2021-08-04T06:22:16 IST" name="testDown" finished-at="2021-08-04T06:22:17 IST" duration-ms="802" status="PASS">
          <reporter-output>
          </reporter-output>
        </test-method> <!-- testDown -->
      </class> <!-- com.edureka.testCases.TC_GoibiboHotelBooking_001 -->
    </test> <!-- Test -->
  </suite> <!-- Suite -->
</testng-results>
